<?xml version="1.0" encoding="UTF-8"?>
<!-- Generated by org.testng.reporters.JUnitReportReporter -->
<testsuite hostname="LAPTOP-FT84V0UI" failures="0" tests="1" name="Test1_POST" time="2.971" errors="0" timestamp="2022-02-04T17:08:06 WIB" skipped="0">
  <testcase classname="Test1_POST" name="test01_post" time="2.971"/>
  <system-out/>
</testsuite> <!-- Test1_POST -->
