<?xml version="1.0" encoding="UTF-8"?>
<!-- Generated by org.testng.reporters.JUnitReportReporter -->
<testsuite hostname="LAPTOP-FT84V0UI" failures="0" tests="1" name="Test.API.Test1_POST" time="5.882" errors="0" timestamp="2022-02-04T18:24:11 WIB" skipped="0">
  <testcase classname="Test.API.Test1_POST" name="test04_delete" time="5.882"/>
  <system-out/>
</testsuite> <!-- Test.API.Test1_POST -->
