<?xml version="1.0" encoding="UTF-8"?>
<!-- Generated by org.testng.reporters.JUnitReportReporter -->
<testsuite hostname="LAPTOP-FT84V0UI" failures="0" tests="1" name="Test.API.Test2_UPDATE" time="5.100" errors="0" timestamp="2022-02-04T17:32:37 WIB" skipped="0">
  <testcase classname="Test.API.Test2_UPDATE" name="test01_post" time="5.100"/>
  <system-out/>
</testsuite> <!-- Test.API.Test2_UPDATE -->
