<?xml version="1.0" encoding="UTF-8"?>
<!-- Generated by org.testng.reporters.JUnitReportReporter -->
<testsuite hostname="LAPTOP-FT84V0UI" failures="0" tests="1" name="Test0_GET" time="3.254" errors="0" timestamp="2022-02-04T17:15:48 WIB" skipped="0">
  <testcase classname="Test0_GET" name="test_01" time="3.254"/>
  <system-out/>
</testsuite> <!-- Test0_GET -->
